18:01:04:033       -------------------------------------------------------------------
18:01:04:033                        STM32CubeProgrammer v2.7.0-RC1                  
18:01:04:033       -------------------------------------------------------------------

18:01:04:033 

18:01:04:033 Log output file:   erase_flash.log
18:01:04:033 Command line:  -c port=swd ap=0 mode=ur freq=1000 -e all -log "erase_flash.log"
18:01:04:033 
18:01:04:086 STLinkUSBDriver.dll loaded
18:01:04:086 STLinkUSBDriver.dll loaded
18:01:04:086 ST-LINK SN  : 0018003D3137511239383538
18:01:04:086 ST-LINK FW  : V3J7M2
18:01:04:086 Board       : NUCLEO-H743ZI
18:01:04:086 Voltage     : 3.28V
18:01:04:086 SWD freq    : 1000 KHz
18:01:04:086 Connect mode: Under Reset
18:01:04:086 Reset mode  : Hardware reset
18:01:04:102 Device ID   : 0x450
18:01:04:102 Revision ID : Rev V
18:01:04:117 Buffer program...
18:01:04:117 w ap 0 @0x580244F4 0x00000004 bytes Data 0x00000002
18:01:04:117 Reading data...
18:01:04:117 r ap 0 @0x58000528 0x00000004 bytes Data 0x00000001
18:01:04:117 Buffer program...
18:01:04:117 w ap 0 @0x580244F4 0x00000004 bytes Data 0x00000002
18:01:04:117 Reading data...
18:01:04:117 r ap 0 @0x58000528 0x00000004 bytes Data 0x00000001
18:01:04:117 Buffer program...
18:01:04:117 w ap 0 @0x580244F4 0x00000004 bytes Data 0x00000002
18:01:04:117 Reading data...
18:01:04:117 r ap 0 @0x58000528 0x00000004 bytes Data 0x00000001
18:01:04:117 Buffer program...
18:01:04:117 w ap 0 @0x580244F4 0x00000004 bytes Data 0x00000002
18:01:04:117 Reading data...
18:01:04:117 r ap 0 @0x58000528 0x00000004 bytes Data 0x00000001
18:01:04:117 Reading data...
18:01:04:117 r ap 0 @0x1FF1E880 0x00000004 bytes Data 0x00000800
18:01:04:117 Database: Config 3 is active.
18:01:04:133 flash loader C:/Dev/Release_git_jenkins/TOOLS/bin/FlashLoader/0x450.stldr is loaded
18:01:04:133 Buffer program...
18:01:04:133 w ap 0 @0x580244F4 0x00000004 bytes Data 0x00000002
18:01:04:133 Reading data...
18:01:04:133 r ap 0 @0x58000528 0x00000004 bytes Data 0x00000001
18:01:04:133 Buffer program...
18:01:04:133 w ap 0 @0x580244F4 0x00000004 bytes Data 0x00000002
18:01:04:133 Reading data...
18:01:04:133 r ap 0 @0x58000528 0x00000004 bytes Data 0x00000001
18:01:04:133 Buffer program...
18:01:04:133 w ap 0 @0x580244F4 0x00000004 bytes Data 0x00000002
18:01:04:133 Reading data...
18:01:04:133 r ap 0 @0x58000528 0x00000004 bytes Data 0x00000001
18:01:04:133 Buffer program...
18:01:04:133 w ap 0 @0x580244F4 0x00000004 bytes Data 0x00000002
18:01:04:133 Reading data...
18:01:04:133 r ap 0 @0x58000528 0x00000004 bytes Data 0x00000001
18:01:04:133 Reading data...
18:01:04:133 r ap 0 @0x1FF1E880 0x00000004 bytes Data 0x00000800
18:01:04:133 Database: Config 3 is active.
18:01:04:133 Device name : STM32H7xx
18:01:04:133 Reading data...
18:01:04:133 r ap 0 @0x1FF1E880 0x00000004 bytes Data 0x00000800
18:01:04:133 Flash size  : 2 MBytes
18:01:04:133 Device type : MCU
18:01:04:133 Device CPU  : Cortex-M7
18:01:04:133 
18:01:04:133 Reading data...
18:01:04:133 r ap 0 @0x1FF095F0 0x00000004 bytes Data 0x00020200
18:01:04:133 
Mass erase ... 

18:01:04:133 Flash erase...
18:01:04:148 halt ap 0 Status = 0
18:01:04:148 halt ap 1 Status = 32
18:01:04:148 halt ap 2 Status = 32
18:01:04:148 w ap 0 reg 15 PC   (0x24000000)  
18:01:04:148 w ap 0 reg 17 MSP  (0x24000500)  
18:01:04:148 w ap 0 reg 16 xPSR (0x01000000)  
18:01:04:164 w ap 0 @0x24001220 0x00000200 bytes Data 0x00000000
18:01:04:164 w ap 0 @0x24000000 0x00000004 bytes Data 0x0000BE00
18:01:04:202 w ap 0 @0x24000004 0x00000DF4 bytes Data 0xB672B580
18:01:04:202 Init flashloader...
18:01:04:202 halt ap 0 
18:01:04:202 w ap 0 reg 0 R0   0x00000001
18:01:04:202 w ap 0 reg 1 R1   0x00000000
18:01:04:202 w ap 0 reg 2 R2   0x00000000
18:01:04:202 w ap 0 reg 3 R3   0x00000000
18:01:04:202 w ap 0 reg 4 R4   0x00000000
18:01:04:218 w ap 0 reg 5 R5   0x00000000
18:01:04:218 w ap 0 reg 6 R6   0x00000000
18:01:04:218 w ap 0 reg 7 R7   0x00000000
18:01:04:218 w ap 0 reg 8 R8   0x00000000
18:01:04:218 w ap 0 reg 9 R9   0x00000000
18:01:04:218 w ap 0 reg 10 R10  0x00000000
18:01:04:218 w ap 0 reg 11 R11  0x00000000
18:01:04:218 w ap 0 reg 12 R12  0x00000000
18:01:04:218 w ap 0 reg 13 SP   0x00000000
18:01:04:218 w ap 0 reg 14 LR   0x24000001
18:01:04:218 w ap 0 reg 15 PC   0x24000005
18:01:04:218 w ap 0 reg 16 xPSR 0x01000000
18:01:04:218 w ap 0 reg 17 MSP  0x240011F4
18:01:04:218 w ap 0 reg 18 PSP  0x00000000
18:01:04:218 run ap 0 
18:01:04:233 halt ap 0 
18:01:04:233 r ap 0 reg 0 R0   0x00000001
18:01:04:233 Loader mass erase...
18:01:04:233 w ap 0 reg 0 R0   0x00000002
18:01:04:233 w ap 0 reg 1 R1   0x00000000
18:01:04:233 w ap 0 reg 2 R2   0x00000000
18:01:04:233 w ap 0 reg 3 R3   0x00000000
18:01:04:233 w ap 0 reg 4 R4   0x00000000
18:01:04:233 w ap 0 reg 5 R5   0x00000000
18:01:04:233 w ap 0 reg 6 R6   0x00000000
18:01:04:233 w ap 0 reg 7 R7   0x00000000
18:01:04:233 w ap 0 reg 8 R8   0x00000000
18:01:04:233 w ap 0 reg 9 R9   0x00000000
18:01:04:233 w ap 0 reg 10 R10  0x00000000
18:01:04:233 w ap 0 reg 11 R11  0x00000000
18:01:04:249 w ap 0 reg 12 R12  0x00000000
18:01:04:249 w ap 0 reg 13 SP   0x00000000
18:01:04:249 w ap 0 reg 14 LR   0x24000001
18:01:04:249 w ap 0 reg 15 PC   0x2400028D
18:01:04:249 w ap 0 reg 16 xPSR 0x01000000
18:01:04:249 w ap 0 reg 17 MSP  0x240011F4
18:01:04:249 w ap 0 reg 18 PSP  0x00000000
18:01:04:249 run ap 0 
18:01:09:027 halt ap 0 
18:01:09:027 r ap 0 reg 0 R0   0x00000001
18:01:09:027 Mass erase successfully achieved
